[1] "initialDispersion 0.129884842707955"
[1] "Initialising..."
Initial fit =  93.08882 0.0877193 0.1729323 0.2606516 0.3508772 0.4385965 0.5238095 0.6190476 0.7142857 0.8045113 0.8947368 
[1] "initialisation complete..."
[1] "^^^^^^^^^^^Initial^^^^^^^^^^^^^^^^^^^^^^^^^^^^^^^^^^"
[1] 93.08882
[1] "Exchanging..."
[1] "Locating maximum residual......"
[1] "Maximum residual found..."
[1] "Moving knot..."
[1] "Knot moved..."
[1] "Locating maximum residual......"
[1] "Maximum residual found..."
[1] "Moving knot..."
[1] "Knot moved..."
[1] "Locating maximum residual......"
[1] "Maximum residual found..."
[1] "Moving knot..."
[1] "Knot moved..."
[1] "Locating maximum residual......"
[1] "Maximum residual found..."
[1] "Moving knot..."
[1] "Knot moved..."
[1] "Locating maximum residual......"
[1] "Maximum residual found..."
[1] "Moving knot..."
[1] "Knot moved..."
[1] "Locating maximum residual......"
[1] "Maximum residual found..."
[1] "Moving knot..."
[1] "Knot moved..."
[1] "Locating maximum residual......"
[1] "Maximum residual found..."
[1] "Moving knot..."
[1] "Knot moved..."
[1] "Locating maximum residual......"
[1] "Maximum residual found..."
[1] "Moving knot..."
[1] "Knot moved..."
[1] "Locating maximum residual......"
[1] "Maximum residual found..."
[1] "Moving knot..."
[1] "Knot moved..."
[1] "Locating maximum residual......"
[1] "Maximum residual found..."
[1] "Moving knot..."
[1] "Knot moved..."
[1] "Locating maximum residual......"
[1] "Maximum residual found..."
[1] "Moving knot..."
[1] "Knot moved..."
[1] "Exchanging done..."
[1] "^^^^^^^^^^^Exchange^^^^^^^^^^^^^^^^^^^^^^^^^^^^^^^^^^"
[1] "Improving..."
[1] "Shifting up..."
[1] "Up done..."
[1] "Shifting up..."
[1] "Up done..."
[1] "Shifting down..."
[1] "Down done..."
[1] "Shifting up..."
[1] "Up done..."
[1] "Shifting down..."
[1] "Down done..."
[1] "Shifting up..."
[1] "Up done..."
[1] "Shifting up..."
[1] "Up done..."
[1] "Shifting down..."
[1] "Down done..."
[1] "Shifting up..."
[1] "Up done..."
[1] "Shifting down..."
[1] "Down done..."
[1] "Shifting up..."
[1] "Up done..."
[1] "Shifting down..."
[1] "Down done..."
[1] "Shifting up..."
[1] "Up done..."
[1] "Shifting down..."
[1] "Down done..."
[1] "Shifting up..."
[1] "Up done..."
[1] "Shifting down..."
[1] "Down done..."
[1] "Shifting up..."
[1] "Up done..."
[1] "Shifting down..."
[1] "Down done..."
[1] "Shifting up..."
[1] "Up done..."
[1] "Shifting down..."
[1] "Down done..."
[1] "Shifting up..."
[1] "Up done..."
[1] "Shifting down..."
[1] "Down done..."
[1] "Shifting up..."
[1] "Up done..."
[1] "Shifting down..."
[1] "Down done..."
[1] "Shifting up..."
[1] "Up done..."
[1] "Shifting down..."
[1] "Down done..."
[1] "Shifting up..."
[1] "Up done..."
[1] "Shifting up..."
[1] "Up done..."
[1] "Shifting down..."
[1] "Down done..."
[1] "Shifting up..."
[1] "Up done..."
[1] "Shifting down..."
[1] "Down done..."
[1] "Shifting up..."
[1] "Up done..."
[1] "Shifting down..."
[1] "Down done..."
[1] "Shifting up..."
[1] "Up done..."
[1] "Shifting down..."
[1] "Down done..."
[1] "Shifting up..."
[1] "Up done..."
[1] "Shifting down..."
[1] "Down done..."
[1] "Shifting up..."
[1] "Up done..."
[1] "Shifting down..."
[1] "Down done..."
[1] "Shifting up..."
[1] "Up done..."
[1] "Shifting down..."
[1] "Down done..."
[1] "Shifting up..."
[1] "Up done..."
[1] "Shifting down..."
[1] "Down done..."
[1] "Shifting up..."
[1] "Up done..."
[1] "Shifting down..."
[1] "Down done..."
[1] "Shifting up..."
[1] "Up done..."
[1] "Shifting down..."
[1] "Down done..."
[1] "Shifting up..."
[1] "Up done..."
[1] "Shifting up..."
[1] "Up done..."
[1] "Shifting down..."
[1] "Down done..."
[1] "Shifting up..."
[1] "Up done..."
[1] "Shifting down..."
[1] "Down done..."
[1] "Shifting up..."
[1] "Up done..."
[1] "Shifting down..."
[1] "Down done..."
[1] "Shifting up..."
[1] "Up done..."
[1] "Shifting down..."
[1] "Down done..."
[1] "Shifting up..."
[1] "Up done..."
[1] "Shifting down..."
[1] "Down done..."
[1] "Shifting up..."
[1] "Up done..."
[1] "Shifting down..."
[1] "Down done..."
[1] "Shifting up..."
[1] "Up done..."
[1] "Shifting down..."
[1] "Down done..."
[1] "Shifting up..."
[1] "Up done..."
[1] "Shifting down..."
[1] "Down done..."
[1] "Shifting up..."
[1] "Up done..."
[1] "Shifting down..."
[1] "Down done..."
[1] "Shifting up..."
[1] "Up done..."
[1] "Shifting down..."
[1] "Down done..."
[1] "Shifting up..."
[1] "Up done..."
[1] "Shifting down..."
[1] "Down done..."
[1] "Shifting up..."
[1] "Up done..."
[1] "Shifting down..."
[1] "Down done..."
[1] "Shifting up..."
[1] "Up done..."
[1] "Shifting down..."
[1] "Down done..."
[1] "Shifting up..."
[1] "Up done..."
[1] "Shifting down..."
[1] "Down done..."
[1] "Shifting up..."
[1] "Up done..."
[1] "Shifting down..."
[1] "Down done..."
[1] "Shifting up..."
[1] "Up done..."
[1] "Shifting down..."
[1] "Down done..."
[1] "Shifting up..."
[1] "Up done..."
[1] "Shifting down..."
[1] "Down done..."
[1] "Shifting up..."
[1] "Up done..."
[1] "Shifting down..."
[1] "Down done..."
[1] "Shifting up..."
[1] "Up done..."
[1] "Shifting down..."
[1] "Down done..."
[1] "Shifting up..."
[1] "Up done..."
[1] "Shifting down..."
[1] "Down done..."
[1] "Shifting up..."
[1] "Up done..."
[1] "Shifting down..."
[1] "Down done..."
[1] "Shifting up..."
[1] "Up done..."
[1] "Shifting down..."
[1] "Down done..."
[1] "Shifting up..."
[1] "Up done..."
[1] "Shifting down..."
[1] "Down done..."
[1] "Shifting up..."
[1] "Up done..."
[1] "Shifting down..."
[1] "Down done..."
[1] "Shifting up..."
[1] "Up done..."
[1] "Shifting up..."
[1] "Up done..."
[1] "Shifting down..."
[1] "Down done..."
[1] "Shifting up..."
[1] "Up done..."
[1] "Shifting down..."
[1] "Down done..."
[1] "Shifting up..."
[1] "Up done..."
[1] "Shifting down..."
[1] "Down done..."
[1] "Shifting up..."
[1] "Up done..."
[1] "Shifting down..."
[1] "Down done..."
[1] "Shifting up..."
[1] "Up done..."
[1] "Shifting down..."
[1] "Down done..."
[1] "Shifting up..."
[1] "Up done..."
[1] "Shifting up..."
[1] "Up done..."
[1] "Shifting down..."
[1] "Down done..."
[1] "Shifting up..."
[1] "Up done..."
[1] "Shifting down..."
[1] "Down done..."
[1] "Shifting up..."
[1] "Up done..."
[1] "Shifting down..."
[1] "Down done..."
[1] "Shifting up..."
[1] "Up done..."
[1] "Shifting down..."
[1] "Down done..."
[1] "Shifting up..."
[1] "Up done..."
[1] "Shifting down..."
[1] "Down done..."
[1] "Shifting up..."
[1] "Up done..."
[1] "Shifting down..."
[1] "Down done..."
[1] "Shifting up..."
[1] "Up done..."
[1] "Shifting down..."
[1] "Down done..."
[1] "Shifting up..."
[1] "Up done..."
[1] "Shifting down..."
[1] "Down done..."
[1] "Shifting up..."
[1] "Up done..."
[1] "Shifting down..."
[1] "Down done..."
[1] "Shifting up..."
[1] "Up done..."
[1] "Shifting up..."
[1] "Up done..."
[1] "Shifting down..."
[1] "Down done..."
[1] "Shifting up..."
[1] "Up done..."
[1] "Shifting down..."
[1] "Down done..."
[1] "Shifting up..."
[1] "Up done..."
[1] "Shifting down..."
[1] "Down done..."
[1] "Shifting up..."
[1] "Up done..."
[1] "Shifting down..."
[1] "Down done..."
[1] "Shifting up..."
[1] "Up done..."
[1] "Shifting down..."
[1] "Down done..."
[1] "Shifting up..."
[1] "Up done..."
[1] "Shifting up..."
[1] "Up done..."
[1] "Shifting down..."
[1] "Down done..."
[1] "Shifting up..."
[1] "Up done..."
[1] "Shifting down..."
[1] "Down done..."
[1] "Shifting up..."
[1] "Up done..."
[1] "Shifting down..."
[1] "Down done..."
[1] "Shifting up..."
[1] "Up done..."
[1] "Shifting down..."
[1] "Down done..."
[1] "Shifting up..."
[1] "Up done..."
[1] "Shifting down..."
[1] "Down done..."
[1] "Shifting up..."
[1] "Up done..."
[1] "Shifting down..."
[1] "Down done..."
[1] "Shifting up..."
[1] "Up done..."
[1] "Shifting down..."
[1] "Down done..."
[1] "Shifting up..."
[1] "Up done..."
[1] "Shifting down..."
[1] "Down done..."
[1] "Shifting up..."
[1] "Up done..."
[1] "Shifting down..."
[1] "Down done..."
[1] "Shifting up..."
[1] "Up done..."
[1] "Shifting down..."
[1] "Down done..."
[1] "Shifting up..."
[1] "Up done..."
[1] "Shifting down..."
[1] "Down done..."
[1] "Shifting up..."
[1] "Up done..."
[1] "Shifting up..."
[1] "Up done..."
[1] "Shifting down..."
[1] "Down done..."
[1] "Shifting up..."
[1] "Up done..."
[1] "Shifting up..."
[1] "Up done..."
[1] "Shifting down..."
[1] "Down done..."
[1] "Shifting up..."
[1] "Up done..."
[1] "Shifting down..."
[1] "Down done..."
[1] "Shifting up..."
[1] "Up done..."
[1] "Shifting down..."
[1] "Down done..."
[1] "Shifting up..."
[1] "Up done..."
[1] "Shifting down..."
[1] "Down done..."
[1] "Shifting up..."
[1] "Up done..."
[1] "Shifting down..."
[1] "Down done..."
[1] "Shifting up..."
[1] "Up done..."
[1] "Shifting down..."
[1] "Down done..."
[1] "Shifting up..."
[1] "Up done..."
[1] "Shifting down..."
[1] "Down done..."
[1] "Shifting up..."
[1] "Up done..."
[1] "Shifting down..."
[1] "Down done..."
[1] "Shifting up..."
[1] "Up done..."
[1] "Shifting down..."
[1] "Down done..."
[1] "Shifting up..."
[1] "Up done..."
[1] "Shifting down..."
[1] "Down done..."
[1] "Shifting up..."
[1] "Up done..."
[1] "Shifting down..."
[1] "Down done..."
[1] "Shifting up..."
[1] "Up done..."
[1] "Shifting down..."
[1] "Down done..."
[1] "Shifting up..."
[1] "Up done..."
[1] "Shifting up..."
[1] "Up done..."
[1] "Shifting down..."
[1] "Down done..."
[1] "Shifting up..."
[1] "Up done..."
[1] "Shifting down..."
[1] "Down done..."
[1] "Shifting up..."
[1] "Up done..."
[1] "Shifting down..."
[1] "Down done..."
[1] "Shifting up..."
[1] "Up done..."
[1] "Shifting down..."
[1] "Down done..."
[1] "Shifting up..."
[1] "Up done..."
[1] "Shifting down..."
[1] "Down done..."
[1] "Shifting up..."
[1] "Up done..."
[1] "Shifting down..."
[1] "Down done..."
[1] "Shifting up..."
[1] "Up done..."
[1] "Shifting down..."
[1] "Down done..."
[1] "Shifting up..."
[1] "Up done..."
[1] "Shifting down..."
[1] "Down done..."
[1] "Shifting up..."
[1] "Up done..."
[1] "Shifting down..."
[1] "Down done..."
[1] "Shifting up..."
[1] "Up done..."
[1] "Shifting down..."
[1] "Down done..."
[1] "Shifting up..."
[1] "Up done..."
[1] "Shifting down..."
[1] "Down done..."
[1] "Shifting up..."
[1] "Up done..."
[1] "Shifting down..."
[1] "Down done..."
[1] "Shifting up..."
[1] "Up done..."
[1] "Shifting down..."
[1] "Down done..."
[1] "Shifting up..."
[1] "Up done..."
[1] "Shifting down..."
[1] "Down done..."
[1] "Shifting up..."
[1] "Up done..."
[1] "Shifting down..."
[1] "Down done..."
[1] "Shifting up..."
[1] "Up done..."
[1] "Shifting up..."
[1] "Up done..."
[1] "Shifting down..."
[1] "Down done..."
[1] "Shifting up..."
[1] "Up done..."
[1] "Shifting down..."
[1] "Down done..."
[1] "Shifting up..."
[1] "Up done..."
[1] "Shifting down..."
[1] "Down done..."
[1] "Shifting up..."
[1] "Up done..."
[1] "Shifting down..."
[1] "Down done..."
[1] "Shifting up..."
[1] "Up done..."
[1] "Shifting up..."
[1] "Up done..."
[1] "Shifting down..."
[1] "Down done..."
[1] "Shifting up..."
[1] "Up done..."
[1] "Shifting down..."
[1] "Down done..."
[1] "Shifting up..."
[1] "Up done..."
[1] "Shifting down..."
[1] "Down done..."
[1] "Shifting up..."
[1] "Up done..."
[1] "Shifting down..."
[1] "Down done..."
[1] "Shifting up..."
[1] "Up done..."
[1] "Shifting down..."
[1] "Down done..."
[1] "Shifting up..."
[1] "Up done..."
[1] "Shifting down..."
[1] "Down done..."
[1] "Shifting up..."
[1] "Up done..."
[1] "Shifting down..."
[1] "Down done..."
[1] "Shifting up..."
[1] "Up done..."
[1] "Shifting down..."
[1] "Down done..."
[1] "Shifting up..."
[1] "Up done..."
[1] "Shifting down..."
[1] "Down done..."
[1] "Shifting up..."
[1] "Up done..."
[1] "Shifting down..."
[1] "Down done..."
[1] "Shifting up..."
[1] "Up done..."
[1] "Shifting down..."
[1] "Down done..."
[1] "Shifting up..."
[1] "Up done..."
[1] "Shifting down..."
[1] "Down done..."
[1] "Shifting up..."
[1] "Up done..."
[1] "Shifting down..."
[1] "Down done..."
[1] "Shifting up..."
[1] "Up done..."
[1] "Shifting down..."
[1] "Down done..."
[1] "Shifting up..."
[1] "Up done..."
[1] "Shifting down..."
[1] "Down done..."
[1] "Shifting up..."
[1] "Up done..."
[1] "Shifting down..."
[1] "Down done..."
[1] "Shifting up..."
[1] "Up done..."
[1] "Shifting down..."
[1] "Down done..."
[1] "Shifting up..."
[1] "Up done..."
[1] "Shifting down..."
[1] "Down done..."
[1] "Shifting up..."
[1] "Up done..."
[1] "Shifting down..."
[1] "Down done..."
[1] "Shifting up..."
[1] "Up done..."
[1] "Shifting down..."
[1] "Down done..."
[1] "Shifting up..."
[1] "Up done..."
[1] "Shifting down..."
[1] "Down done..."
[1] "Shifting up..."
[1] "Up done..."
[1] "Shifting down..."
[1] "Down done..."
[1] "Shifting up..."
[1] "Up done..."
[1] "Shifting down..."
[1] "Down done..."
[1] "Shifting up..."
[1] "Up done..."
[1] "Shifting down..."
[1] "Down done..."
[1] "Shifting up..."
[1] "Up done..."
[1] "Shifting down..."
[1] "Down done..."
[1] "Shifting up..."
[1] "Up done..."
[1] "Shifting down..."
[1] "Down done..."
[1] "Shifting up..."
[1] "Up done..."
[1] "Shifting down..."
[1] "Down done..."
[1] "Shifting up..."
[1] "Up done..."
[1] "Shifting down..."
[1] "Down done..."
[1] "Shifting up..."
[1] "Up done..."
[1] "Shifting down..."
[1] "Down done..."
[1] "Shifting up..."
[1] "Up done..."
[1] "Shifting down..."
[1] "Down done..."
[1] "Shifting up..."
[1] "Up done..."
[1] "Shifting down..."
[1] "Down done..."
[1] "Shifting up..."
[1] "Up done..."
[1] "Shifting down..."
[1] "Down done..."
[1] "Shifting up..."
[1] "Up done..."
[1] "Shifting down..."
[1] "Down done..."
[1] "Shifting up..."
[1] "Up done..."
[1] "Shifting down..."
[1] "Down done..."
[1] "Shifting up..."
[1] "Up done..."
[1] "Shifting down..."
[1] "Down done..."
[1] "Shifting up..."
[1] "Up done..."
[1] "Shifting down..."
[1] "Down done..."
[1] "Shifting up..."
[1] "Up done..."
[1] "Shifting down..."
[1] "Down done..."
[1] "Shifting up..."
[1] "Up done..."
[1] "Shifting down..."
[1] "Down done..."
[1] "Shifting up..."
[1] "Up done..."
[1] "Shifting down..."
[1] "Down done..."
[1] "Shifting up..."
[1] "Up done..."
[1] "Shifting down..."
[1] "Down done..."
[1] "Shifting up..."
[1] "Up done..."
[1] "Shifting down..."
[1] "Down done..."
[1] "Shifting up..."
[1] "Up done..."
[1] "Shifting up..."
[1] "Up done..."
[1] "Shifting down..."
[1] "Down done..."
[1] "Shifting up..."
[1] "Up done..."
[1] "Shifting down..."
[1] "Down done..."
[1] "Shifting up..."
[1] "Up done..."
[1] "Shifting up..."
[1] "Up done..."
[1] "Shifting down..."
[1] "Down done..."
[1] "Shifting up..."
[1] "Up done..."
[1] "Shifting down..."
[1] "Down done..."
[1] "Shifting up..."
[1] "Up done..."
[1] "Shifting down..."
[1] "Down done..."
[1] "Shifting up..."
[1] "Up done..."
[1] "Shifting down..."
[1] "Down done..."
[1] "Shifting up..."
[1] "Up done..."
[1] "Shifting down..."
[1] "Down done..."
[1] "Shifting up..."
[1] "Up done..."
[1] "Shifting down..."
[1] "Down done..."
[1] "Shifting up..."
[1] "Up done..."
[1] "Shifting down..."
[1] "Down done..."
[1] "Shifting up..."
[1] "Up done..."
[1] "Shifting down..."
[1] "Down done..."
[1] "Shifting up..."
[1] "Up done..."
[1] "Shifting down..."
[1] "Down done..."
[1] "Shifting up..."
[1] "Up done..."
[1] "Shifting down..."
[1] "Down done..."
[1] "Shifting up..."
[1] "Up done..."
[1] "Shifting down..."
[1] "Down done..."
[1] "Shifting up..."
[1] "Up done..."
[1] "Shifting down..."
[1] "Down done..."
[1] "Shifting up..."
[1] "Up done..."
[1] "Shifting down..."
[1] "Down done..."
[1] "Improving complete..."
[1] "^^^^^^^^^^^Improve^^^^^^^^^^^^^^^^^^^^^^^^^^^^^^^^^^"
[1] "Dropping..."
[1] "Dropped..."
[1] "^^^^^^^^^^^Drop^^^^^^^^^^^^^^^^^^^^^^^^^^^^^^^^^^"
[1] "Exchanging..."
[1] "Locating maximum residual......"
[1] "Maximum residual found..."
[1] "Moving knot..."
[1] "Knot moved..."
[1] "Locating maximum residual......"
[1] "Maximum residual found..."
[1] "Moving knot..."
[1] "Knot moved..."
[1] "Exchanging done..."
[1] "^^^^^^^^^^^Exchange^^^^^^^^^^^^^^^^^^^^^^^^^^^^^^^^^^"
[1] "Improving..."
[1] "Shifting up..."
[1] "Up done..."
[1] "Shifting down..."
[1] "Down done..."
[1] "Shifting up..."
[1] "Up done..."
[1] "Shifting down..."
[1] "Down done..."
[1] "Shifting up..."
[1] "Up done..."
[1] "Shifting down..."
[1] "Down done..."
[1] "Shifting up..."
[1] "Up done..."
[1] "Shifting down..."
[1] "Down done..."
[1] "Shifting up..."
[1] "Up done..."
[1] "Shifting down..."
[1] "Down done..."
[1] "Shifting up..."
[1] "Up done..."
[1] "Shifting down..."
[1] "Down done..."
[1] "Shifting up..."
[1] "Up done..."
[1] "Shifting up..."
[1] "Up done..."
[1] "Shifting down..."
[1] "Down done..."
[1] "Shifting up..."
[1] "Up done..."
[1] "Shifting down..."
[1] "Down done..."
[1] "Shifting up..."
[1] "Up done..."
[1] "Shifting down..."
[1] "Down done..."
[1] "Shifting up..."
[1] "Up done..."
[1] "Shifting down..."
[1] "Down done..."
[1] "Shifting up..."
[1] "Up done..."
[1] "Shifting down..."
[1] "Down done..."
[1] "Shifting up..."
[1] "Up done..."
[1] "Shifting down..."
[1] "Down done..."
[1] "Shifting up..."
[1] "Up done..."
[1] "Shifting down..."
[1] "Down done..."
[1] "Shifting up..."
[1] "Up done..."
[1] "Shifting down..."
[1] "Down done..."
[1] "Shifting up..."
[1] "Up done..."
[1] "Shifting down..."
[1] "Down done..."
[1] "Shifting up..."
[1] "Up done..."
[1] "Shifting down..."
[1] "Down done..."
[1] "Shifting up..."
[1] "Up done..."
[1] "Shifting down..."
[1] "Down done..."
[1] "Shifting up..."
[1] "Up done..."
[1] "Shifting down..."
[1] "Down done..."
[1] "Shifting up..."
[1] "Up done..."
[1] "Shifting down..."
[1] "Down done..."
[1] "Shifting up..."
[1] "Up done..."
[1] "Shifting down..."
[1] "Down done..."
[1] "Shifting up..."
[1] "Up done..."
[1] "Shifting down..."
[1] "Down done..."
[1] "Shifting up..."
[1] "Up done..."
[1] "Shifting down..."
[1] "Down done..."
[1] "Shifting up..."
[1] "Up done..."
[1] "Shifting up..."
[1] "Up done..."
[1] "Shifting down..."
[1] "Down done..."
[1] "Shifting up..."
[1] "Up done..."
[1] "Shifting down..."
[1] "Down done..."
[1] "Shifting up..."
[1] "Up done..."
[1] "Shifting down..."
[1] "Down done..."
[1] "Shifting up..."
[1] "Up done..."
[1] "Shifting down..."
[1] "Down done..."
[1] "Shifting up..."
[1] "Up done..."
[1] "Shifting down..."
[1] "Down done..."
[1] "Shifting up..."
[1] "Up done..."
[1] "Shifting up..."
[1] "Up done..."
[1] "Shifting down..."
[1] "Down done..."
[1] "Shifting up..."
[1] "Up done..."
[1] "Shifting down..."
[1] "Down done..."
[1] "Shifting up..."
[1] "Up done..."
[1] "Shifting down..."
[1] "Down done..."
[1] "Shifting up..."
[1] "Up done..."
[1] "Shifting down..."
[1] "Down done..."
[1] "Shifting up..."
[1] "Up done..."
[1] "Shifting down..."
[1] "Down done..."
[1] "Shifting up..."
[1] "Up done..."
[1] "Shifting down..."
[1] "Down done..."
[1] "Shifting up..."
[1] "Up done..."
[1] "Shifting down..."
[1] "Down done..."
[1] "Shifting up..."
[1] "Up done..."
[1] "Shifting up..."
[1] "Up done..."
[1] "Shifting down..."
[1] "Down done..."
[1] "Shifting up..."
[1] "Up done..."
[1] "Shifting down..."
[1] "Down done..."
[1] "Shifting up..."
[1] "Up done..."
[1] "Shifting down..."
[1] "Down done..."
[1] "Shifting up..."
[1] "Up done..."
[1] "Shifting down..."
[1] "Down done..."
[1] "Shifting up..."
[1] "Up done..."
[1] "Shifting down..."
[1] "Down done..."
[1] "Shifting up..."
[1] "Up done..."
[1] "Shifting down..."
[1] "Down done..."
[1] "Shifting up..."
[1] "Up done..."
[1] "Shifting down..."
[1] "Down done..."
[1] "Shifting up..."
[1] "Up done..."
[1] "Shifting down..."
[1] "Down done..."
[1] "Shifting up..."
[1] "Up done..."
[1] "Shifting up..."
[1] "Up done..."
[1] "Shifting down..."
[1] "Down done..."
[1] "Shifting up..."
[1] "Up done..."
[1] "Shifting down..."
[1] "Down done..."
[1] "Shifting up..."
[1] "Up done..."
[1] "Shifting down..."
[1] "Down done..."
[1] "Shifting up..."
[1] "Up done..."
[1] "Shifting down..."
[1] "Down done..."
[1] "Shifting up..."
[1] "Up done..."
[1] "Shifting down..."
[1] "Down done..."
[1] "Shifting up..."
[1] "Up done..."
[1] "Shifting down..."
[1] "Down done..."
[1] "Shifting up..."
[1] "Up done..."
[1] "Shifting down..."
[1] "Down done..."
[1] "Shifting up..."
[1] "Up done..."
[1] "Shifting down..."
[1] "Down done..."
[1] "Shifting up..."
[1] "Up done..."
[1] "Shifting down..."
[1] "Down done..."
[1] "Shifting up..."
[1] "Up done..."
[1] "Shifting down..."
[1] "Down done..."
[1] "Shifting up..."
[1] "Up done..."
[1] "Shifting up..."
[1] "Up done..."
[1] "Shifting down..."
[1] "Down done..."
[1] "Shifting up..."
[1] "Up done..."
[1] "Shifting down..."
[1] "Down done..."
[1] "Shifting up..."
[1] "Up done..."
[1] "Shifting down..."
[1] "Down done..."
[1] "Shifting up..."
[1] "Up done..."
[1] "Shifting down..."
[1] "Down done..."
[1] "Shifting up..."
[1] "Up done..."
[1] "Shifting down..."
[1] "Down done..."
[1] "Shifting up..."
[1] "Up done..."
[1] "Shifting down..."
[1] "Down done..."
[1] "Shifting up..."
[1] "Up done..."
[1] "Shifting down..."
[1] "Down done..."
[1] "Shifting up..."
[1] "Up done..."
[1] "Shifting down..."
[1] "Down done..."
[1] "Shifting up..."
[1] "Up done..."
[1] "Shifting down..."
[1] "Down done..."
[1] "Shifting up..."
[1] "Up done..."
[1] "Shifting down..."
[1] "Down done..."
[1] "Shifting up..."
[1] "Up done..."
[1] "Shifting down..."
[1] "Down done..."
[1] "Shifting up..."
[1] "Up done..."
[1] "Shifting down..."
[1] "Down done..."
[1] "Improving complete..."
[1] "^^^^^^^^^^^Improve^^^^^^^^^^^^^^^^^^^^^^^^^^^^^^^^^^"
[1] "Dropping..."
[1] "Dropped..."
[1] "Exchanging..."
[1] "Locating maximum residual......"
[1] "Maximum residual found..."
[1] "Moving knot..."
[1] "Knot moved..."
[1] "Exchanging done..."
[1] "Improving..."
[1] "Shifting up..."
[1] "Up done..."
[1] "Shifting down..."
[1] "Down done..."
[1] "Shifting up..."
[1] "Up done..."
[1] "Shifting down..."
[1] "Down done..."
[1] "Shifting up..."
[1] "Up done..."
[1] "Shifting down..."
[1] "Down done..."
[1] "Shifting up..."
[1] "Up done..."
[1] "Shifting down..."
[1] "Down done..."
[1] "Shifting up..."
[1] "Up done..."
[1] "Shifting down..."
[1] "Down done..."
[1] "Shifting up..."
[1] "Up done..."
[1] "Shifting down..."
[1] "Down done..."
[1] "Shifting up..."
[1] "Up done..."
[1] "Shifting down..."
[1] "Down done..."
[1] "Shifting up..."
[1] "Up done..."
[1] "Shifting down..."
[1] "Down done..."
[1] "Shifting up..."
[1] "Up done..."
[1] "Shifting down..."
[1] "Down done..."
[1] "Shifting up..."
[1] "Up done..."
[1] "Shifting down..."
[1] "Down done..."
[1] "Shifting up..."
[1] "Up done..."
[1] "Shifting down..."
[1] "Down done..."
[1] "Shifting up..."
[1] "Up done..."
[1] "Shifting down..."
[1] "Down done..."
[1] "Improving complete..."
[1] "Dropping..."
[1] "Dropped..."
[1] "And we're done..."
